<?xml version="1.0" encoding="UTF-8"?>
<testng-results ignored="0" total="1" passed="1" failed="0" skipped="0">
  <reporter-output>
  </reporter-output>
  <suite started-at="2024-08-08T09:22:48 IST" name="Default suite" finished-at="2024-08-08T09:23:11 IST" duration-ms="23725">
    <groups>
    </groups>
    <test started-at="2024-08-08T09:22:48 IST" name="Default test" finished-at="2024-08-08T09:23:11 IST" duration-ms="23725">
      <class name="AppTest">
        <test-method signature="dailyworkdone()[pri:0, instance:AppTest@35e2d654]" started-at="2024-08-08T09:22:48 IST" name="dailyworkdone" finished-at="2024-08-08T09:23:11 IST" duration-ms="23647" status="PASS">
          <reporter-output>
          </reporter-output>
        </test-method> <!-- dailyworkdone -->
      </class> <!-- AppTest -->
    </test> <!-- Default test -->
  </suite> <!-- Default suite -->
</testng-results>
